<?xml version="1.0" encoding="UTF-8"?>
<!-- Generated by org.testng.reporters.JUnitReportReporter -->
<testsuite skipped="0" hostname="DESKTOP-D7PUHMF" name="com.qa.rests.test.CreateCustomerPostCall" tests="1" failures="0" timestamp="13 Sep 2018 16:33:01 GMT" time="7.690" errors="0">
  <testcase name="createCustomerTest" time="7.690" classname="com.qa.rests.test.CreateCustomerPostCall"/>
</testsuite> <!-- com.qa.rests.test.CreateCustomerPostCall -->
