<?xml version="1.0" encoding="UTF-8"?>
<!-- Generated by org.testng.reporters.JUnitReportReporter -->
<testsuite skipped="1" hostname="DESKTOP-D7PUHMF" name="com.test.api.WeatherGetTest" tests="2" failures="0" timestamp="01 Sep 2018 10:08:03 GMT" time="2.506" errors="0">
  <testcase name="getWeatherDetailsWithWrongCityNameTest" time="2.506" classname="com.test.api.WeatherGetTest"/>
  <testcase name="getWeatherDetailsWithCorrectCityNameTest" classname="com.test.api.WeatherGetTest">
    <skipped/>
  </testcase> <!-- getWeatherDetailsWithCorrectCityNameTest -->
</testsuite> <!-- com.test.api.WeatherGetTest -->
