<?xml version="1.0" encoding="UTF-8"?>
<!-- Generated by org.testng.reporters.JUnitReportReporter -->
<testsuite skipped="1" hostname="DESKTOP-D7PUHMF" name="com.qa.rests.test.WeatherGetTest" tests="4" failures="0" timestamp="09 Sep 2018 05:12:43 GMT" time="7.481" errors="0">
  <testcase name="getWeatherDetailsWithCorrectCityNameTest" time="1.123" classname="com.qa.rests.test.WeatherGetTest"/>
  <testcase name="getWeatherDetailsWithCorrectCityNameTest" time="1.210" classname="com.qa.rests.test.WeatherGetTest"/>
  <testcase name="getWeatherDetailsWithCorrectCityNameTest" time="5.148" classname="com.qa.rests.test.WeatherGetTest"/>
  <testcase name="getWeatherDetailsWithWrongCityNameTest" classname="com.qa.rests.test.WeatherGetTest">
    <skipped/>
  </testcase> <!-- getWeatherDetailsWithWrongCityNameTest -->
</testsuite> <!-- com.qa.rests.test.WeatherGetTest -->
