<?xml version="1.0" encoding="UTF-8"?>
<!-- Generated by org.testng.reporters.JUnitReportReporter -->
<testsuite skipped="0" hostname="DESKTOP-D7PUHMF" name="com.test.api.CreateCustomerPostCall" tests="1" failures="0" timestamp="01 Sep 2018 13:30:08 GMT" time="3.206" errors="0">
  <testcase name="createCustomerTest" time="3.206" classname="com.test.api.CreateCustomerPostCall"/>
</testsuite> <!-- com.test.api.CreateCustomerPostCall -->
