<?xml version="1.0" encoding="UTF-8"?>
<!-- Generated by org.testng.reporters.JUnitReportReporter -->
<testsuite skipped="0" hostname="DESKTOP-D7PUHMF" name="com.qa.rests.test.PostCallWithJavaObjects" tests="1" failures="0" timestamp="02 Sep 2018 14:32:40 GMT" time="3.133" errors="0">
  <testcase name="createCustomerTest" time="3.133" classname="com.qa.rests.test.PostCallWithJavaObjects"/>
</testsuite> <!-- com.qa.rests.test.PostCallWithJavaObjects -->
